mode: set
itswork.app/internal/pay/service.go:19.34,25.2 1 1
itswork.app/internal/pay/service.go:28.71,41.2 7 1
itswork.app/internal/pay/service.go:44.93,45.26 1 1
itswork.app/internal/pay/service.go:45.26,47.3 1 0
itswork.app/internal/pay/service.go:54.2,57.18 2 1
itswork.app/pkg/database/db.go:13.32,16.2 2 1
itswork.app/pkg/database/db.go:18.60,19.15 1 1
itswork.app/pkg/database/db.go:19.15,21.3 1 1
itswork.app/pkg/database/db.go:23.2,24.16 2 1
itswork.app/pkg/database/db.go:24.16,26.3 1 0
itswork.app/pkg/database/db.go:29.2,34.34 4 1
itswork.app/pkg/database/db.go:34.34,37.3 2 1
itswork.app/pkg/database/db.go:39.2,40.16 2 0
itswork.app/internal/processor/grpc_client.go:20.45,22.18 2 1
itswork.app/internal/processor/grpc_client.go:22.18,24.3 1 0
itswork.app/internal/processor/grpc_client.go:25.2,25.99 1 1
itswork.app/internal/processor/grpc_client.go:28.93,32.16 3 1
itswork.app/internal/processor/grpc_client.go:32.16,34.3 1 0
itswork.app/internal/processor/grpc_client.go:36.2,39.8 1 1
itswork.app/internal/processor/grpc_client.go:45.35,46.22 1 1
itswork.app/internal/processor/grpc_client.go:46.22,48.3 1 1
itswork.app/internal/processor/grpc_client.go:49.2,60.16 3 1
itswork.app/internal/processor/grpc_client.go:60.16,63.3 2 0
itswork.app/internal/processor/grpc_client.go:65.2,65.18 1 1
itswork.app/internal/processor/grpc_client.go:68.32,69.20 1 1
itswork.app/internal/processor/grpc_client.go:69.20,72.3 2 1
itswork.app/internal/processor/subscriber.go:51.105,61.2 2 1
itswork.app/internal/processor/subscriber.go:63.86,66.21 3 1
itswork.app/internal/processor/subscriber.go:66.21,68.3 1 1
itswork.app/internal/processor/subscriber.go:69.2,69.17 1 1
itswork.app/internal/processor/subscriber.go:69.17,71.3 1 1
itswork.app/internal/processor/subscriber.go:73.2,75.16 3 1
itswork.app/internal/processor/subscriber.go:75.16,77.3 1 1
itswork.app/internal/processor/subscriber.go:79.2,82.15 4 0
itswork.app/internal/processor/subscriber.go:85.30,86.25 1 1
itswork.app/internal/processor/subscriber.go:86.25,89.3 2 0
itswork.app/internal/processor/subscriber.go:90.2,93.84 2 1
itswork.app/internal/processor/subscriber.go:93.84,95.3 1 0
itswork.app/internal/processor/subscriber.go:97.2,97.16 1 1
itswork.app/internal/processor/subscriber.go:97.16,99.3 1 0
itswork.app/internal/processor/subscriber.go:102.78,104.59 2 1
itswork.app/internal/processor/subscriber.go:104.59,108.3 3 1
itswork.app/internal/processor/subscriber.go:110.2,110.31 1 1
itswork.app/internal/processor/subscriber.go:110.31,114.3 3 1
itswork.app/internal/processor/subscriber.go:116.2,128.16 3 1
itswork.app/internal/processor/subscriber.go:128.16,132.3 3 1
itswork.app/internal/processor/subscriber.go:135.2,136.16 2 1
itswork.app/internal/processor/subscriber.go:136.16,141.3 2 1
itswork.app/internal/processor/subscriber.go:144.2,152.11 2 1
itswork.app/internal/processor/subscriber.go:155.33,158.21 3 1
itswork.app/internal/processor/subscriber.go:158.21,160.3 1 0
itswork.app/internal/repository/payment.go:28.77,30.2 1 1
itswork.app/internal/repository/payment.go:33.80,40.16 3 1
itswork.app/internal/repository/payment.go:40.16,43.3 2 0
itswork.app/internal/repository/payment.go:44.2,44.12 1 1
itswork.app/internal/repository/payment.go:48.102,57.16 4 1
itswork.app/internal/repository/payment.go:57.16,59.3 1 0
itswork.app/internal/repository/payment.go:62.2,62.43 1 1
itswork.app/internal/repository/payment.go:62.43,65.3 2 1
itswork.app/internal/repository/payment.go:67.2,67.12 1 1
itswork.app/internal/repository/payment.go:71.83,75.20 2 1
itswork.app/internal/repository/payment.go:75.20,77.34 2 1
itswork.app/internal/repository/payment.go:77.34,79.4 1 1
itswork.app/internal/repository/payment.go:83.2,86.16 4 1
itswork.app/internal/repository/payment.go:86.16,89.3 2 0
itswork.app/internal/repository/payment.go:91.2,94.30 2 1
itswork.app/internal/repository/payment.go:94.30,96.3 1 1
itswork.app/internal/repository/payment.go:98.2,98.15 1 1
itswork.app/internal/repository/token_analysis.go:23.73,25.2 1 1
itswork.app/internal/repository/token_analysis.go:28.117,30.16 2 1
itswork.app/internal/repository/token_analysis.go:30.16,32.3 1 0
itswork.app/internal/repository/token_analysis.go:35.2,35.15 1 1
itswork.app/internal/repository/token_analysis.go:35.15,37.3 1 1
itswork.app/internal/repository/token_analysis.go:40.2,48.16 4 1
itswork.app/internal/repository/token_analysis.go:48.16,51.3 2 1
itswork.app/internal/repository/token_analysis.go:54.2,64.16 3 1
itswork.app/internal/repository/token_analysis.go:64.16,67.3 2 1
itswork.app/internal/repository/token_analysis.go:70.2,70.36 1 1
itswork.app/internal/repository/token_analysis.go:70.36,73.3 2 0
itswork.app/internal/repository/token_analysis.go:75.2,76.12 2 1
itswork.app/internal/repository/token_analysis.go:80.118,84.20 2 1
itswork.app/internal/repository/token_analysis.go:84.20,86.17 2 1
itswork.app/internal/repository/token_analysis.go:86.17,88.79 2 1
itswork.app/internal/repository/token_analysis.go:88.79,91.5 2 1
itswork.app/internal/repository/token_analysis.go:92.4,92.91 1 1
itswork.app/internal/repository/token_analysis.go:93.9,93.30 1 1
itswork.app/internal/repository/token_analysis.go:93.30,95.4 1 1
itswork.app/internal/repository/token_analysis.go:99.2,108.16 5 1
itswork.app/internal/repository/token_analysis.go:108.16,109.27 1 1
itswork.app/internal/repository/token_analysis.go:109.27,111.4 1 1
itswork.app/internal/repository/token_analysis.go:112.3,113.18 2 1
itswork.app/internal/repository/token_analysis.go:116.2,123.20 2 1
itswork.app/internal/repository/token_analysis.go:123.20,125.24 2 1
itswork.app/internal/repository/token_analysis.go:125.24,127.18 2 1
itswork.app/internal/repository/token_analysis.go:127.18,129.5 1 1
itswork.app/internal/repository/token_analysis.go:129.10,131.5 1 1
itswork.app/internal/repository/token_analysis.go:135.2,135.18 1 1
itswork.app/cmd/ingestor/main.go:9.13,10.38 1 0
itswork.app/cmd/ingestor/main.go:10.38,12.3 1 0
itswork.app/internal/app/app.go:45.49,50.16 4 1
itswork.app/internal/app/app.go:50.16,52.3 1 1
itswork.app/internal/app/app.go:54.2,56.40 3 1
itswork.app/internal/app/app.go:56.40,58.3 1 1
itswork.app/internal/app/app.go:58.8,60.17 2 1
itswork.app/internal/app/app.go:60.17,62.4 1 1
itswork.app/internal/app/app.go:65.2,66.16 2 1
itswork.app/internal/app/app.go:66.16,68.3 1 1
itswork.app/internal/app/app.go:70.2,78.16 6 1
itswork.app/internal/app/app.go:78.16,81.3 2 0
itswork.app/internal/app/app.go:83.2,84.16 2 1
itswork.app/internal/app/app.go:84.16,87.3 2 1
itswork.app/internal/app/app.go:89.2,104.8 3 1
itswork.app/internal/app/app.go:107.21,110.12 2 1
itswork.app/internal/app/app.go:110.12,112.92 2 1
itswork.app/internal/app/app.go:112.92,114.4 1 0
itswork.app/internal/app/app.go:118.45,120.47 2 1
itswork.app/internal/app/app.go:120.47,122.3 1 0
itswork.app/internal/app/app.go:123.2,125.17 3 1
itswork.app/internal/app/app.go:125.17,127.3 1 1
itswork.app/internal/app/app.go:128.2,132.37 3 1
itswork.app/internal/app/app.go:135.22,138.15 2 1
itswork.app/internal/app/app.go:138.15,145.17 2 1
itswork.app/internal/app/app.go:145.17,147.4 1 1
itswork.app/internal/app/app.go:147.9,149.4 1 1
itswork.app/internal/app/app.go:150.8,152.3 1 1
itswork.app/internal/app/app.go:155.2,156.16 2 1
itswork.app/internal/app/app.go:156.16,159.3 2 0
itswork.app/internal/app/app.go:161.2,169.70 3 1
itswork.app/internal/app/app.go:172.40,174.16 2 1
itswork.app/internal/app/app.go:174.16,176.3 1 0
itswork.app/internal/app/app.go:178.2,189.12 9 1
itswork.app/pkg/cache/redis.go:13.41,15.20 2 1
itswork.app/pkg/cache/redis.go:15.20,18.3 2 1
itswork.app/pkg/cache/redis.go:20.2,21.16 2 1
itswork.app/pkg/cache/redis.go:21.16,23.3 1 1
itswork.app/pkg/cache/redis.go:25.2,28.47 3 1
itswork.app/pkg/cache/redis.go:28.47,30.3 1 1
itswork.app/pkg/cache/redis.go:32.2,33.20 2 1
itswork.app/internal/ingestor/handler.go:17.119,31.49 6 1
itswork.app/internal/ingestor/handler.go:31.49,33.3 1 1
itswork.app/internal/ingestor/handler.go:35.2,35.40 1 1
itswork.app/internal/ingestor/handler.go:35.40,37.3 1 1
itswork.app/internal/ingestor/handler.go:39.2,39.52 1 1
itswork.app/internal/ingestor/handler.go:39.52,41.3 1 1
itswork.app/internal/ingestor/handler.go:43.2,44.52 2 1
itswork.app/internal/ingestor/handler.go:44.52,46.3 1 0
itswork.app/internal/ingestor/handler.go:48.2,48.62 1 1
itswork.app/internal/ingestor/handler.go:48.62,50.3 1 0
itswork.app/internal/ingestor/handler.go:52.2,52.10 1 1
itswork.app/internal/ingestor/handler.go:56.59,59.16 2 1
itswork.app/internal/ingestor/handler.go:59.16,63.3 3 1
itswork.app/internal/ingestor/handler.go:66.2,66.9 1 1
itswork.app/internal/ingestor/handler.go:67.34,69.53 1 1
itswork.app/internal/ingestor/handler.go:70.10,73.84 2 1
itswork.app/internal/ingestor/handler.go:78.116,80.16 2 1
itswork.app/internal/ingestor/handler.go:80.16,83.3 2 1
itswork.app/internal/ingestor/handler.go:86.2,88.18 3 1
itswork.app/internal/ingestor/handler.go:88.18,90.3 1 0
itswork.app/internal/ingestor/handler.go:92.2,93.16 2 1
itswork.app/internal/ingestor/handler.go:93.16,96.3 2 1
itswork.app/internal/ingestor/handler.go:99.2,106.12 2 1
itswork.app/internal/ingestor/handler.go:106.12,109.3 1 0
itswork.app/internal/ingestor/handler.go:109.8,111.3 1 1
itswork.app/internal/ingestor/handler.go:113.2,113.31 1 1
itswork.app/internal/ingestor/pay_handler.go:15.110,17.16 2 1
itswork.app/internal/ingestor/pay_handler.go:17.16,20.3 2 1
itswork.app/internal/ingestor/pay_handler.go:22.2,23.18 2 1
itswork.app/internal/ingestor/pay_handler.go:23.18,26.3 2 1
itswork.app/internal/ingestor/pay_handler.go:28.2,39.74 4 1
itswork.app/internal/ingestor/pay_handler.go:39.74,42.3 2 1
itswork.app/internal/ingestor/pay_handler.go:44.2,49.4 1 1
itswork.app/internal/ingestor/pay_handler.go:53.110,55.21 2 1
itswork.app/internal/ingestor/pay_handler.go:55.21,58.3 2 1
itswork.app/internal/ingestor/pay_handler.go:60.2,61.16 2 1
itswork.app/internal/ingestor/pay_handler.go:61.16,65.3 3 0
itswork.app/internal/ingestor/pay_handler.go:67.2,67.13 1 1
itswork.app/internal/ingestor/pay_handler.go:67.13,68.108 1 1
itswork.app/internal/ingestor/pay_handler.go:68.108,72.4 3 1
itswork.app/internal/ingestor/pay_handler.go:73.3,73.105 1 1
itswork.app/internal/ingestor/pay_handler.go:74.8,76.3 1 0
itswork.app/internal/ingestor/publisher.go:22.32,26.21 3 1
itswork.app/internal/ingestor/publisher.go:26.21,28.3 1 1
itswork.app/internal/ingestor/publisher.go:29.2,29.19 1 1
itswork.app/internal/ingestor/publisher.go:29.19,31.3 1 1
itswork.app/internal/ingestor/publisher.go:33.2,37.16 3 1
itswork.app/internal/ingestor/publisher.go:37.16,39.3 1 1
itswork.app/internal/ingestor/publisher.go:41.2,42.19 2 1
itswork.app/internal/ingestor/publisher.go:42.19,49.3 4 0
itswork.app/internal/ingestor/publisher.go:51.2,61.12 3 1
itswork.app/internal/ingestor/publisher.go:64.50,65.34 1 1
itswork.app/internal/ingestor/publisher.go:65.34,68.3 2 1
itswork.app/internal/ingestor/publisher.go:71.36,74.6 2 1
itswork.app/internal/ingestor/publisher.go:74.6,75.10 1 1
itswork.app/internal/ingestor/publisher.go:76.23,77.10 1 1
itswork.app/internal/ingestor/publisher.go:78.32,79.25 1 1
itswork.app/internal/ingestor/publisher.go:79.25,81.13 2 1
itswork.app/internal/ingestor/publisher.go:85.4,90.37 2 0
itswork.app/internal/ingestor/publisher.go:90.37,95.19 4 0
itswork.app/internal/ingestor/publisher.go:95.19,97.6 1 0
itswork.app/internal/ingestor/publisher.go:103.32,107.23 4 1
itswork.app/internal/ingestor/publisher.go:107.23,109.3 1 0
itswork.app/internal/ingestor/publisher.go:110.2,110.21 1 1
itswork.app/internal/ingestor/publisher.go:110.21,112.3 1 0
itswork.app/internal/ingestor/publisher.go:113.2,113.47 1 1
