mode: set
itswork.app/internal/ingestor/handler.go:17.119,31.49 6 1
itswork.app/internal/ingestor/handler.go:31.49,33.3 1 1
itswork.app/internal/ingestor/handler.go:35.2,35.40 1 1
itswork.app/internal/ingestor/handler.go:35.40,37.3 1 1
itswork.app/internal/ingestor/handler.go:39.2,39.52 1 1
itswork.app/internal/ingestor/handler.go:39.52,41.3 1 1
itswork.app/internal/ingestor/handler.go:43.2,44.52 2 1
itswork.app/internal/ingestor/handler.go:44.52,46.3 1 0
itswork.app/internal/ingestor/handler.go:48.2,48.62 1 1
itswork.app/internal/ingestor/handler.go:48.62,50.3 1 0
itswork.app/internal/ingestor/handler.go:52.2,52.10 1 1
itswork.app/internal/ingestor/handler.go:56.59,59.16 2 1
itswork.app/internal/ingestor/handler.go:59.16,63.3 3 1
itswork.app/internal/ingestor/handler.go:66.2,66.9 1 1
itswork.app/internal/ingestor/handler.go:67.34,69.53 1 1
itswork.app/internal/ingestor/handler.go:70.10,73.84 2 1
itswork.app/internal/ingestor/handler.go:78.116,80.16 2 1
itswork.app/internal/ingestor/handler.go:80.16,83.3 2 1
itswork.app/internal/ingestor/handler.go:86.2,88.18 3 1
itswork.app/internal/ingestor/handler.go:88.18,90.3 1 0
itswork.app/internal/ingestor/handler.go:92.2,93.16 2 1
itswork.app/internal/ingestor/handler.go:93.16,96.3 2 1
itswork.app/internal/ingestor/handler.go:99.2,106.12 2 1
itswork.app/internal/ingestor/handler.go:106.12,109.3 1 0
itswork.app/internal/ingestor/handler.go:109.8,111.3 1 1
itswork.app/internal/ingestor/handler.go:113.2,113.31 1 1
itswork.app/internal/ingestor/pay_handler.go:15.110,17.16 2 1
itswork.app/internal/ingestor/pay_handler.go:17.16,20.3 2 1
itswork.app/internal/ingestor/pay_handler.go:22.2,23.18 2 1
itswork.app/internal/ingestor/pay_handler.go:23.18,26.3 2 1
itswork.app/internal/ingestor/pay_handler.go:28.2,39.74 4 1
itswork.app/internal/ingestor/pay_handler.go:39.74,42.3 2 1
itswork.app/internal/ingestor/pay_handler.go:44.2,49.4 1 1
itswork.app/internal/ingestor/pay_handler.go:53.110,55.21 2 1
itswork.app/internal/ingestor/pay_handler.go:55.21,58.3 2 1
itswork.app/internal/ingestor/pay_handler.go:60.2,61.16 2 1
itswork.app/internal/ingestor/pay_handler.go:61.16,65.3 3 0
itswork.app/internal/ingestor/pay_handler.go:67.2,67.13 1 1
itswork.app/internal/ingestor/pay_handler.go:67.13,68.108 1 1
itswork.app/internal/ingestor/pay_handler.go:68.108,72.4 3 1
itswork.app/internal/ingestor/pay_handler.go:73.3,73.105 1 1
itswork.app/internal/ingestor/pay_handler.go:74.8,76.3 1 0
itswork.app/internal/ingestor/publisher.go:22.32,26.21 3 1
itswork.app/internal/ingestor/publisher.go:26.21,28.3 1 1
itswork.app/internal/ingestor/publisher.go:29.2,29.19 1 1
itswork.app/internal/ingestor/publisher.go:29.19,31.3 1 1
itswork.app/internal/ingestor/publisher.go:33.2,37.16 3 1
itswork.app/internal/ingestor/publisher.go:37.16,39.3 1 1
itswork.app/internal/ingestor/publisher.go:41.2,42.19 2 1
itswork.app/internal/ingestor/publisher.go:42.19,49.3 4 0
itswork.app/internal/ingestor/publisher.go:51.2,61.12 3 1
itswork.app/internal/ingestor/publisher.go:64.50,65.34 1 1
itswork.app/internal/ingestor/publisher.go:65.34,68.3 2 1
itswork.app/internal/ingestor/publisher.go:71.36,74.6 2 1
itswork.app/internal/ingestor/publisher.go:74.6,75.10 1 1
itswork.app/internal/ingestor/publisher.go:76.23,77.10 1 1
itswork.app/internal/ingestor/publisher.go:78.32,79.25 1 1
itswork.app/internal/ingestor/publisher.go:79.25,81.13 2 1
itswork.app/internal/ingestor/publisher.go:85.4,90.37 2 0
itswork.app/internal/ingestor/publisher.go:90.37,95.19 4 0
itswork.app/internal/ingestor/publisher.go:95.19,97.6 1 0
itswork.app/internal/ingestor/publisher.go:103.32,107.23 4 1
itswork.app/internal/ingestor/publisher.go:107.23,109.3 1 0
itswork.app/internal/ingestor/publisher.go:110.2,110.21 1 1
itswork.app/internal/ingestor/publisher.go:110.21,112.3 1 0
itswork.app/internal/ingestor/publisher.go:113.2,113.47 1 1
