mode: set
itswork.app/internal/processor/enricher.go:20.43,28.2 1 1
itswork.app/internal/processor/enricher.go:30.78,32.50 1 1
itswork.app/internal/processor/enricher.go:32.50,34.3 1 1
itswork.app/internal/processor/enricher.go:36.2,36.26 1 1
itswork.app/internal/processor/enricher.go:36.26,39.3 2 1
itswork.app/internal/processor/enricher.go:41.2,45.16 3 1
itswork.app/internal/processor/enricher.go:45.16,47.3 1 1
itswork.app/internal/processor/enricher.go:47.8,49.3 1 1
itswork.app/internal/processor/enricher.go:53.2,54.16 2 1
itswork.app/internal/processor/enricher.go:54.16,56.3 1 1
itswork.app/internal/processor/enricher.go:56.8,58.3 1 1
itswork.app/internal/processor/enricher.go:61.2,62.16 2 1
itswork.app/internal/processor/enricher.go:62.16,65.3 2 1
itswork.app/internal/processor/enricher.go:65.8,67.3 1 1
itswork.app/internal/processor/enricher.go:70.2,71.16 2 1
itswork.app/internal/processor/enricher.go:71.16,75.3 3 1
itswork.app/internal/processor/enricher.go:75.8,78.3 2 1
itswork.app/internal/processor/enricher.go:80.2,80.12 1 1
itswork.app/internal/processor/enricher.go:83.95,96.16 4 1
itswork.app/internal/processor/enricher.go:96.16,98.3 1 0
itswork.app/internal/processor/enricher.go:99.2,102.16 3 1
itswork.app/internal/processor/enricher.go:102.16,104.3 1 0
itswork.app/internal/processor/enricher.go:105.2,113.64 3 1
itswork.app/internal/processor/enricher.go:113.64,115.3 1 1
itswork.app/internal/processor/enricher.go:117.2,117.26 1 1
itswork.app/internal/processor/enricher.go:117.26,119.3 1 1
itswork.app/internal/processor/enricher.go:122.2,123.27 2 1
itswork.app/internal/processor/enricher.go:123.27,125.3 1 0
itswork.app/internal/processor/enricher.go:128.2,131.18 3 1
itswork.app/internal/processor/enricher.go:131.18,133.3 1 0
itswork.app/internal/processor/enricher.go:135.2,135.22 1 1
itswork.app/internal/processor/enricher.go:138.109,149.16 4 1
itswork.app/internal/processor/enricher.go:149.16,151.3 1 0
itswork.app/internal/processor/enricher.go:152.2,154.16 3 1
itswork.app/internal/processor/enricher.go:154.16,156.3 1 0
itswork.app/internal/processor/enricher.go:157.2,162.64 3 1
itswork.app/internal/processor/enricher.go:162.64,164.3 1 1
itswork.app/internal/processor/enricher.go:165.2,165.24 1 1
itswork.app/internal/processor/enricher.go:168.70,170.34 2 1
itswork.app/internal/processor/enricher.go:170.34,172.3 1 1
itswork.app/internal/processor/enricher.go:174.2,174.14 1 1
itswork.app/internal/processor/enricher.go:177.68,179.9 2 1
itswork.app/internal/processor/enricher.go:179.9,181.3 1 1
itswork.app/internal/processor/enricher.go:182.2,183.9 2 1
itswork.app/internal/processor/enricher.go:183.9,185.3 1 0
itswork.app/internal/processor/enricher.go:186.2,187.15 2 1
itswork.app/internal/processor/enricher.go:187.15,189.3 1 0
itswork.app/internal/processor/enricher.go:193.2,194.26 2 1
itswork.app/internal/processor/enricher.go:194.26,196.3 1 1
itswork.app/internal/processor/enricher.go:199.2,199.14 1 0
itswork.app/internal/processor/enricher.go:202.90,214.16 4 1
itswork.app/internal/processor/enricher.go:214.16,216.3 1 0
itswork.app/internal/processor/enricher.go:217.2,220.16 3 1
itswork.app/internal/processor/enricher.go:220.16,222.3 1 0
itswork.app/internal/processor/enricher.go:223.2,235.64 3 1
itswork.app/internal/processor/enricher.go:235.64,237.3 1 1
itswork.app/internal/processor/enricher.go:242.2,242.38 1 1
itswork.app/internal/processor/enricher.go:242.38,244.3 1 1
itswork.app/internal/processor/enricher.go:246.2,246.19 1 1
itswork.app/internal/processor/enricher.go:256.92,270.16 4 1
itswork.app/internal/processor/enricher.go:270.16,272.3 1 0
itswork.app/internal/processor/enricher.go:273.2,276.16 3 1
itswork.app/internal/processor/enricher.go:276.16,278.3 1 0
itswork.app/internal/processor/enricher.go:279.2,287.16 4 1
itswork.app/internal/processor/enricher.go:287.16,289.3 1 1
itswork.app/internal/processor/enricher.go:291.2,291.29 1 1
itswork.app/internal/processor/enricher.go:291.29,293.3 1 1
itswork.app/internal/processor/enricher.go:296.2,317.16 7 1
itswork.app/internal/processor/enricher.go:317.16,319.3 1 0
itswork.app/internal/processor/enricher.go:320.2,336.16 4 1
itswork.app/internal/processor/enricher.go:336.16,338.3 1 0
itswork.app/internal/processor/enricher.go:341.2,342.67 2 1
itswork.app/internal/processor/enricher.go:342.67,343.17 1 1
itswork.app/internal/processor/enricher.go:343.17,345.9 2 1
itswork.app/internal/processor/enricher.go:349.2,349.23 1 1
itswork.app/internal/processor/enricher.go:349.23,351.3 1 0
itswork.app/internal/processor/enricher.go:354.2,354.46 1 1
itswork.app/internal/processor/enricher.go:354.46,357.3 2 1
itswork.app/internal/processor/enricher.go:360.2,361.19 2 0
itswork.app/internal/processor/grpc_client.go:20.45,22.18 2 1
itswork.app/internal/processor/grpc_client.go:22.18,24.3 1 1
itswork.app/internal/processor/grpc_client.go:25.2,25.99 1 1
itswork.app/internal/processor/grpc_client.go:28.93,32.16 3 1
itswork.app/internal/processor/grpc_client.go:32.16,34.3 1 0
itswork.app/internal/processor/grpc_client.go:36.2,39.8 1 1
itswork.app/internal/processor/grpc_client.go:46.35,47.22 1 1
itswork.app/internal/processor/grpc_client.go:47.22,49.3 1 1
itswork.app/internal/processor/grpc_client.go:50.2,63.16 3 1
itswork.app/internal/processor/grpc_client.go:63.16,66.3 2 1
itswork.app/internal/processor/grpc_client.go:68.2,68.18 1 1
itswork.app/internal/processor/grpc_client.go:71.32,72.20 1 1
itswork.app/internal/processor/grpc_client.go:72.20,75.3 2 1
itswork.app/internal/processor/portal_subscriber.go:54.81,60.2 1 0
itswork.app/internal/processor/portal_subscriber.go:62.61,63.6 1 0
itswork.app/internal/processor/portal_subscriber.go:63.6,65.17 2 0
itswork.app/internal/processor/portal_subscriber.go:65.17,67.11 2 0
itswork.app/internal/processor/portal_subscriber.go:68.22,69.21 1 0
itswork.app/internal/processor/portal_subscriber.go:70.39,71.13 1 0
itswork.app/internal/processor/portal_subscriber.go:77.72,81.16 3 0
itswork.app/internal/processor/portal_subscriber.go:81.16,83.3 1 0
itswork.app/internal/processor/portal_subscriber.go:84.2,88.89 3 0
itswork.app/internal/processor/portal_subscriber.go:88.89,90.3 1 0
itswork.app/internal/processor/portal_subscriber.go:93.2,93.95 1 0
itswork.app/internal/processor/portal_subscriber.go:93.95,96.3 1 0
itswork.app/internal/processor/portal_subscriber.go:98.2,98.6 1 0
itswork.app/internal/processor/portal_subscriber.go:98.6,100.17 2 0
itswork.app/internal/processor/portal_subscriber.go:100.17,102.4 1 0
itswork.app/internal/processor/portal_subscriber.go:104.3,105.54 2 0
itswork.app/internal/processor/portal_subscriber.go:105.54,107.12 2 0
itswork.app/internal/processor/portal_subscriber.go:110.3,110.25 1 0
itswork.app/internal/processor/portal_subscriber.go:114.60,115.27 1 0
itswork.app/internal/processor/portal_subscriber.go:115.27,118.3 2 0
itswork.app/internal/processor/portal_subscriber.go:121.2,121.19 1 0
itswork.app/internal/processor/portal_subscriber.go:124.61,138.2 5 0
itswork.app/internal/processor/portal_subscriber.go:140.58,142.9 2 0
itswork.app/internal/processor/portal_subscriber.go:142.9,144.3 1 0
itswork.app/internal/processor/portal_subscriber.go:145.2,155.50 6 0
itswork.app/internal/processor/portal_subscriber.go:155.50,157.3 1 0
itswork.app/internal/processor/portal_subscriber.go:160.2,160.58 1 0
itswork.app/internal/processor/portal_subscriber.go:160.58,163.3 2 0
itswork.app/internal/processor/portal_subscriber.go:166.2,166.28 1 0
itswork.app/internal/processor/portal_subscriber.go:166.28,168.3 1 0
itswork.app/internal/processor/portal_subscriber.go:171.2,171.30 1 0
itswork.app/internal/processor/portal_subscriber.go:174.71,177.16 3 0
itswork.app/internal/processor/portal_subscriber.go:177.16,179.3 1 0
itswork.app/internal/processor/portal_subscriber.go:183.78,185.9 2 0
itswork.app/internal/processor/portal_subscriber.go:185.9,187.3 1 0
itswork.app/internal/processor/portal_subscriber.go:188.2,188.32 1 0
itswork.app/internal/processor/subscriber.go:15.120,17.2 1 1
itswork.app/internal/processor/subscriber.go:60.125,71.2 2 1
itswork.app/internal/processor/subscriber.go:73.86,76.21 3 1
itswork.app/internal/processor/subscriber.go:76.21,78.3 1 1
itswork.app/internal/processor/subscriber.go:79.2,79.17 1 1
itswork.app/internal/processor/subscriber.go:79.17,81.3 1 1
itswork.app/internal/processor/subscriber.go:83.2,85.16 3 1
itswork.app/internal/processor/subscriber.go:85.16,87.3 1 1
itswork.app/internal/processor/subscriber.go:89.2,93.19 4 1
itswork.app/internal/processor/subscriber.go:93.19,95.3 1 1
itswork.app/internal/processor/subscriber.go:97.2,99.15 3 1
itswork.app/internal/processor/subscriber.go:102.30,103.25 1 1
itswork.app/internal/processor/subscriber.go:103.25,106.3 2 1
itswork.app/internal/processor/subscriber.go:107.2,110.84 2 1
itswork.app/internal/processor/subscriber.go:110.84,112.3 1 0
itswork.app/internal/processor/subscriber.go:114.2,114.16 1 1
itswork.app/internal/processor/subscriber.go:114.16,116.3 1 1
itswork.app/internal/processor/subscriber.go:119.78,121.59 2 1
itswork.app/internal/processor/subscriber.go:121.59,125.3 3 1
itswork.app/internal/processor/subscriber.go:127.2,127.31 1 1
itswork.app/internal/processor/subscriber.go:127.31,131.3 3 1
itswork.app/internal/processor/subscriber.go:133.2,136.23 2 1
itswork.app/internal/processor/subscriber.go:136.23,138.3 1 0
itswork.app/internal/processor/subscriber.go:140.2,151.16 2 1
itswork.app/internal/processor/subscriber.go:151.16,155.3 3 1
itswork.app/internal/processor/subscriber.go:158.2,159.16 2 1
itswork.app/internal/processor/subscriber.go:159.16,164.3 2 1
itswork.app/internal/processor/subscriber.go:167.2,175.11 2 1
itswork.app/internal/processor/subscriber.go:178.33,181.21 3 1
itswork.app/internal/processor/subscriber.go:181.21,183.3 1 1
