mode: set
itswork.app/internal/processor/enricher.go:20.43,28.2 1 1
itswork.app/internal/processor/enricher.go:30.78,32.50 1 1
itswork.app/internal/processor/enricher.go:32.50,34.3 1 1
itswork.app/internal/processor/enricher.go:36.2,36.26 1 1
itswork.app/internal/processor/enricher.go:36.26,39.3 2 1
itswork.app/internal/processor/enricher.go:41.2,45.16 3 1
itswork.app/internal/processor/enricher.go:45.16,47.3 1 1
itswork.app/internal/processor/enricher.go:47.8,49.3 1 1
itswork.app/internal/processor/enricher.go:53.2,54.16 2 1
itswork.app/internal/processor/enricher.go:54.16,56.3 1 1
itswork.app/internal/processor/enricher.go:56.8,58.3 1 1
itswork.app/internal/processor/enricher.go:60.2,60.12 1 1
itswork.app/internal/processor/enricher.go:63.95,76.16 4 1
itswork.app/internal/processor/enricher.go:76.16,78.3 1 0
itswork.app/internal/processor/enricher.go:79.2,82.16 3 1
itswork.app/internal/processor/enricher.go:82.16,84.3 1 0
itswork.app/internal/processor/enricher.go:85.2,93.64 3 1
itswork.app/internal/processor/enricher.go:93.64,95.3 1 1
itswork.app/internal/processor/enricher.go:97.2,97.26 1 1
itswork.app/internal/processor/enricher.go:97.26,99.3 1 1
itswork.app/internal/processor/enricher.go:102.2,103.27 2 1
itswork.app/internal/processor/enricher.go:103.27,105.3 1 0
itswork.app/internal/processor/enricher.go:108.2,111.18 3 1
itswork.app/internal/processor/enricher.go:111.18,113.3 1 0
itswork.app/internal/processor/enricher.go:115.2,115.22 1 1
itswork.app/internal/processor/enricher.go:118.90,130.16 4 1
itswork.app/internal/processor/enricher.go:130.16,132.3 1 0
itswork.app/internal/processor/enricher.go:133.2,136.16 3 1
itswork.app/internal/processor/enricher.go:136.16,138.3 1 0
itswork.app/internal/processor/enricher.go:139.2,151.64 3 1
itswork.app/internal/processor/enricher.go:151.64,153.3 1 1
itswork.app/internal/processor/enricher.go:158.2,158.38 1 1
itswork.app/internal/processor/enricher.go:158.38,160.3 1 1
itswork.app/internal/processor/enricher.go:162.2,162.19 1 1
itswork.app/internal/processor/grpc_client.go:20.45,22.18 2 1
itswork.app/internal/processor/grpc_client.go:22.18,24.3 1 0
itswork.app/internal/processor/grpc_client.go:25.2,25.99 1 1
itswork.app/internal/processor/grpc_client.go:28.93,32.16 3 1
itswork.app/internal/processor/grpc_client.go:32.16,34.3 1 0
itswork.app/internal/processor/grpc_client.go:36.2,39.8 1 1
itswork.app/internal/processor/grpc_client.go:45.35,46.22 1 1
itswork.app/internal/processor/grpc_client.go:46.22,48.3 1 1
itswork.app/internal/processor/grpc_client.go:49.2,60.16 3 1
itswork.app/internal/processor/grpc_client.go:60.16,63.3 2 0
itswork.app/internal/processor/grpc_client.go:65.2,65.18 1 1
itswork.app/internal/processor/grpc_client.go:68.32,69.20 1 1
itswork.app/internal/processor/grpc_client.go:69.20,72.3 2 1
itswork.app/internal/processor/subscriber.go:52.125,63.2 2 1
itswork.app/internal/processor/subscriber.go:65.86,68.21 3 1
itswork.app/internal/processor/subscriber.go:68.21,70.3 1 1
itswork.app/internal/processor/subscriber.go:71.2,71.17 1 1
itswork.app/internal/processor/subscriber.go:71.17,73.3 1 1
itswork.app/internal/processor/subscriber.go:75.2,77.16 3 1
itswork.app/internal/processor/subscriber.go:77.16,79.3 1 1
itswork.app/internal/processor/subscriber.go:81.2,87.15 6 0
itswork.app/internal/processor/subscriber.go:90.30,91.25 1 1
itswork.app/internal/processor/subscriber.go:91.25,94.3 2 0
itswork.app/internal/processor/subscriber.go:95.2,98.84 2 1
itswork.app/internal/processor/subscriber.go:98.84,100.3 1 0
itswork.app/internal/processor/subscriber.go:102.2,102.16 1 1
itswork.app/internal/processor/subscriber.go:102.16,104.3 1 0
itswork.app/internal/processor/subscriber.go:107.78,109.59 2 1
itswork.app/internal/processor/subscriber.go:109.59,113.3 3 1
itswork.app/internal/processor/subscriber.go:115.2,115.31 1 1
itswork.app/internal/processor/subscriber.go:115.31,119.3 3 1
itswork.app/internal/processor/subscriber.go:121.2,124.23 2 1
itswork.app/internal/processor/subscriber.go:124.23,126.3 1 0
itswork.app/internal/processor/subscriber.go:128.2,137.16 2 1
itswork.app/internal/processor/subscriber.go:137.16,141.3 3 1
itswork.app/internal/processor/subscriber.go:144.2,145.16 2 1
itswork.app/internal/processor/subscriber.go:145.16,150.3 2 1
itswork.app/internal/processor/subscriber.go:153.2,161.11 2 1
itswork.app/internal/processor/subscriber.go:164.33,167.21 3 1
itswork.app/internal/processor/subscriber.go:167.21,169.3 1 0
