mode: set
itswork.app/internal/repository/payment.go:28.77,30.2 1 1
itswork.app/internal/repository/payment.go:33.80,40.16 3 1
itswork.app/internal/repository/payment.go:40.16,43.3 2 0
itswork.app/internal/repository/payment.go:44.2,44.12 1 1
itswork.app/internal/repository/payment.go:48.102,57.16 4 1
itswork.app/internal/repository/payment.go:57.16,59.3 1 0
itswork.app/internal/repository/payment.go:62.2,62.43 1 1
itswork.app/internal/repository/payment.go:62.43,65.3 2 1
itswork.app/internal/repository/payment.go:67.2,67.12 1 1
itswork.app/internal/repository/payment.go:71.83,75.20 2 1
itswork.app/internal/repository/payment.go:75.20,77.34 2 1
itswork.app/internal/repository/payment.go:77.34,79.4 1 1
itswork.app/internal/repository/payment.go:83.2,86.16 4 1
itswork.app/internal/repository/payment.go:86.16,89.3 2 0
itswork.app/internal/repository/payment.go:91.2,94.30 2 1
itswork.app/internal/repository/payment.go:94.30,96.3 1 1
itswork.app/internal/repository/payment.go:98.2,98.15 1 1
itswork.app/internal/repository/token_analysis.go:23.73,25.2 1 1
itswork.app/internal/repository/token_analysis.go:28.117,30.16 2 1
itswork.app/internal/repository/token_analysis.go:30.16,32.3 1 0
itswork.app/internal/repository/token_analysis.go:35.2,35.15 1 1
itswork.app/internal/repository/token_analysis.go:35.15,37.3 1 1
itswork.app/internal/repository/token_analysis.go:40.2,48.16 4 1
itswork.app/internal/repository/token_analysis.go:48.16,51.3 2 1
itswork.app/internal/repository/token_analysis.go:54.2,64.16 3 1
itswork.app/internal/repository/token_analysis.go:64.16,67.3 2 1
itswork.app/internal/repository/token_analysis.go:70.2,70.36 1 1
itswork.app/internal/repository/token_analysis.go:70.36,73.3 2 0
itswork.app/internal/repository/token_analysis.go:75.2,76.12 2 1
itswork.app/internal/repository/token_analysis.go:80.118,84.20 2 1
itswork.app/internal/repository/token_analysis.go:84.20,86.17 2 1
itswork.app/internal/repository/token_analysis.go:86.17,88.79 2 1
itswork.app/internal/repository/token_analysis.go:88.79,91.5 2 1
itswork.app/internal/repository/token_analysis.go:92.4,92.91 1 1
itswork.app/internal/repository/token_analysis.go:93.9,93.30 1 1
itswork.app/internal/repository/token_analysis.go:93.30,95.4 1 1
itswork.app/internal/repository/token_analysis.go:99.2,108.16 5 1
itswork.app/internal/repository/token_analysis.go:108.16,109.27 1 1
itswork.app/internal/repository/token_analysis.go:109.27,111.4 1 1
itswork.app/internal/repository/token_analysis.go:112.3,113.18 2 1
itswork.app/internal/repository/token_analysis.go:116.2,123.20 2 1
itswork.app/internal/repository/token_analysis.go:123.20,125.24 2 1
itswork.app/internal/repository/token_analysis.go:125.24,127.18 2 1
itswork.app/internal/repository/token_analysis.go:127.18,129.5 1 1
itswork.app/internal/repository/token_analysis.go:129.10,131.5 1 1
itswork.app/internal/repository/token_analysis.go:135.2,135.18 1 1
